<?xml version="1.0" encoding="UTF-8"?>
<!-- Generated by org.testng.reporters.JUnitXMLReporter -->
<testsuite hostname="LAPTOP-SLPQU167" ignored="0" name="Default test" tests="3" failures="0" timestamp="08 Jul 2020 15:30:30 GMT" time="18.116" errors="0">
  <testcase name="add_book" time="15.82" classname="API_Test.LibrayAPI"/>
  <testcase name="add_book" time="0.7" classname="API_Test.LibrayAPI"/>
  <testcase name="add_book" time="0.544" classname="API_Test.LibrayAPI"/>
</testsuite> <!-- Default test -->
